<?xml version="1.0" encoding="UTF-8"?>
<testsuites name="Faculty E2E" time="230.342" tests="8" failures="0" skips="0" errors="0">
   <testsuite name="Faculty E2E" tests="8" failures="0" errors="0" time="230.342" skips="0" timestamp="2021-03-08 18:16:07" hostname="PVs - LAPTOP-OCLE0COJ" id="Test Suites/Faculty E2E">
      <properties>
[...]
</properties>
      <testcase name="Test Cases/Web/Faculty/Imports" time="34.434" classname="Test Cases/Web/Faculty/Imports" status="PASSED">
         <system-out><![CDATA[2021-03-08 18:16:09 - [TEST_CASE][PASSED] - Test Cases/Web/Faculty/Imports: Test Cases/Web/Faculty/Imports

2021-03-08 18:16:09 - [TEST_STEP][PASSED] - openBrowser(""): Browser is opened with url: ''

2021-03-08 18:16:09 - [MESSAGE][INFO] - Starting 'Chrome' driver

2021-03-08 18:16:09 - [MESSAGE][INFO] - User set preference: ['args', '[--allow-running-insecure-content, --start-maximized]']

2021-03-08 18:16:09 - [MESSAGE][INFO] - Action delay is set to 400 milliseconds

2021-03-08 18:16:11 - [MESSAGE][PASSED] - Browser is opened with url: ''

2021-03-08 18:16:11 - [TEST_STEP][PASSED] - navigateToUrl("https://oecfrontend.vercel.app/"): Navigate to 'https://oecfrontend.vercel.app/' successfully

2021-03-08 18:16:13 - [MESSAGE][PASSED] - Navigate to 'https://oecfrontend.vercel.app/' successfully

2021-03-08 18:16:13 - [TEST_STEP][PASSED] - setText(findTestObject("Faculty/Imports/input_Faculty Login_username"), "AITS051002"): Text 'AITS051002' is set on object 'Object Repository/Faculty/Imports/input_Faculty Login_username'

2021-03-08 18:16:14 - [MESSAGE][PASSED] - Text 'AITS051002' is set on object 'Object Repository/Faculty/Imports/input_Faculty Login_username'

2021-03-08 18:16:14 - [TEST_STEP][PASSED] - setEncryptedText(findTestObject("Faculty/Imports/input_Faculty Login_password"), "/HuGEUzXDLUt1zEZ6TwafQ=="): Text ****** has been set on object 'Object Repository/Faculty/Imports/input_Faculty Login_password'

2021-03-08 18:16:16 - [MESSAGE][PASSED] - Text ****** has been set on object 'Object Repository/Faculty/Imports/input_Faculty Login_password'

2021-03-08 18:16:16 - [TEST_STEP][PASSED] - click(findTestObject("Faculty/Imports/button_Login")): Object: 'Object Repository/Faculty/Imports/button_Login' is clicked on

2021-03-08 18:16:17 - [MESSAGE][PASSED] - Object: 'Object Repository/Faculty/Imports/button_Login' is clicked on

2021-03-08 18:16:17 - [TEST_STEP][PASSED] - click(findTestObject("Faculty/Imports/svg_Dr PC Senthil Mahesh_svg-inline--fa fa-_fb601b")): Object: 'Object Repository/Faculty/Imports/svg_Dr PC Senthil Mahesh_svg-inline--fa fa-_fb601b' is clicked on

2021-03-08 18:16:18 - [MESSAGE][PASSED] - Object: 'Object Repository/Faculty/Imports/svg_Dr PC Senthil Mahesh_svg-inline--fa fa-_fb601b' is clicked on

2021-03-08 18:16:18 - [TEST_STEP][PASSED] - click(findTestObject("Faculty/Imports/div_Role ()AdminFacultyHOD")): Object: 'Object Repository/Faculty/Imports/div_Role ()AdminFacultyHOD' is clicked on

2021-03-08 18:16:19 - [MESSAGE][PASSED] - Object: 'Object Repository/Faculty/Imports/div_Role ()AdminFacultyHOD' is clicked on

2021-03-08 18:16:19 - [TEST_STEP][PASSED] - click(findTestObject("Faculty/Imports/svg_Dr PC Senthil Mahesh_svg-inline--fa fa-_fb601b")): Object: 'Object Repository/Faculty/Imports/svg_Dr PC Senthil Mahesh_svg-inline--fa fa-_fb601b' is clicked on

2021-03-08 18:16:20 - [MESSAGE][PASSED] - Object: 'Object Repository/Faculty/Imports/svg_Dr PC Senthil Mahesh_svg-inline--fa fa-_fb601b' is clicked on

2021-03-08 18:16:20 - [TEST_STEP][PASSED] - click(findTestObject("Faculty/Imports/a_Faculty")): Object: 'Object Repository/Faculty/Imports/a_Faculty' is clicked on

2021-03-08 18:16:21 - [MESSAGE][PASSED] - Object: 'Object Repository/Faculty/Imports/a_Faculty' is clicked on

2021-03-08 18:16:21 - [TEST_STEP][PASSED] - delay(2): Delayed 2 second(s)

2021-03-08 18:16:23 - [MESSAGE][PASSED] - Delayed 2 second(s)

2021-03-08 18:16:23 - [TEST_STEP][PASSED] - click(findTestObject("Faculty/Imports/Imports")): Object: 'Object Repository/Faculty/Imports/Imports' is clicked on

2021-03-08 18:16:24 - [MESSAGE][PASSED] - Object: 'Object Repository/Faculty/Imports/Imports' is clicked on

2021-03-08 18:16:24 - [TEST_STEP][PASSED] - takeScreenshot(): Taking screenshot successfully

2021-03-08 18:16:25 - [MESSAGE][PASSED] - Taking screenshot successfully
[[ATTACHMENT|C:\\Users\\PVs\\Katalon Studio\\Portal_OEC\\Reports\\20210308_181559\\Faculty E2E\\20210308_181600\\1615207584689.png]]

2021-03-08 18:16:25 - [TEST_STEP][PASSED] - click(findTestObject("Faculty/Imports/img_1")): Object: 'Object Repository/Faculty/Imports/img_1' is clicked on

2021-03-08 18:16:25 - [MESSAGE][PASSED] - Object: 'Object Repository/Faculty/Imports/img_1' is clicked on

2021-03-08 18:16:25 - [TEST_STEP][PASSED] - focus(findTestObject("Faculty/Imports/Course_obj")): Object: 'Object Repository/Faculty/Imports/Course_obj' is focused

2021-03-08 18:16:26 - [MESSAGE][PASSED] - Object: 'Object Repository/Faculty/Imports/Course_obj' is focused

2021-03-08 18:16:26 - [TEST_STEP][PASSED] - delay(2): Delayed 2 second(s)

2021-03-08 18:16:28 - [MESSAGE][PASSED] - Delayed 2 second(s)

2021-03-08 18:16:28 - [TEST_STEP][PASSED] - takeScreenshot(): Taking screenshot successfully

2021-03-08 18:16:29 - [MESSAGE][PASSED] - Taking screenshot successfully
[[ATTACHMENT|C:\\Users\\PVs\\Katalon Studio\\Portal_OEC\\Reports\\20210308_181559\\Faculty E2E\\20210308_181600\\1615207588769.png]]

2021-03-08 18:16:29 - [TEST_STEP][PASSED] - click(findTestObject("Faculty/Imports/cousrse_obj_close")): Object: 'Object Repository/Faculty/Imports/cousrse_obj_close' is clicked on

2021-03-08 18:16:29 - [MESSAGE][PASSED] - Object: 'Object Repository/Faculty/Imports/cousrse_obj_close' is clicked on

2021-03-08 18:16:29 - [TEST_STEP][PASSED] - click(findTestObject("Faculty/Imports/course_outcome")): Object: 'Object Repository/Faculty/Imports/course_outcome' is clicked on

2021-03-08 18:16:30 - [MESSAGE][PASSED] - Object: 'Object Repository/Faculty/Imports/course_outcome' is clicked on

2021-03-08 18:16:30 - [TEST_STEP][PASSED] - focus(findTestObject("Faculty/Imports/course_outcome_close")): Object: 'Object Repository/Faculty/Imports/course_outcome_close' is focused

2021-03-08 18:16:31 - [MESSAGE][PASSED] - Object: 'Object Repository/Faculty/Imports/course_outcome_close' is focused

2021-03-08 18:16:31 - [TEST_STEP][PASSED] - delay(2): Delayed 2 second(s)

2021-03-08 18:16:33 - [MESSAGE][PASSED] - Delayed 2 second(s)

2021-03-08 18:16:33 - [TEST_STEP][PASSED] - takeScreenshot(): Taking screenshot successfully

2021-03-08 18:16:34 - [MESSAGE][PASSED] - Taking screenshot successfully
[[ATTACHMENT|C:\\Users\\PVs\\Katalon Studio\\Portal_OEC\\Reports\\20210308_181559\\Faculty E2E\\20210308_181600\\1615207593743.png]]

2021-03-08 18:16:34 - [TEST_STEP][PASSED] - click(findTestObject("Faculty/Imports/course_outcome_close")): Object: 'Object Repository/Faculty/Imports/course_outcome_close' is clicked on

2021-03-08 18:16:34 - [MESSAGE][PASSED] - Object: 'Object Repository/Faculty/Imports/course_outcome_close' is clicked on

2021-03-08 18:16:34 - [TEST_STEP][PASSED] - click(findTestObject("Faculty/Imports/subject_exp")): Object: 'Object Repository/Faculty/Imports/subject_exp' is clicked on

2021-03-08 18:16:35 - [MESSAGE][PASSED] - Object: 'Object Repository/Faculty/Imports/subject_exp' is clicked on

2021-03-08 18:16:35 - [TEST_STEP][PASSED] - focus(findTestObject("Faculty/Imports/subject_exp_close")): Object: 'Object Repository/Faculty/Imports/subject_exp_close' is focused

2021-03-08 18:16:36 - [MESSAGE][PASSED] - Object: 'Object Repository/Faculty/Imports/subject_exp_close' is focused

2021-03-08 18:16:36 - [TEST_STEP][PASSED] - delay(2): Delayed 2 second(s)

2021-03-08 18:16:38 - [MESSAGE][PASSED] - Delayed 2 second(s)

2021-03-08 18:16:38 - [TEST_STEP][PASSED] - takeScreenshot(): Taking screenshot successfully

2021-03-08 18:16:39 - [MESSAGE][PASSED] - Taking screenshot successfully
[[ATTACHMENT|C:\\Users\\PVs\\Katalon Studio\\Portal_OEC\\Reports\\20210308_181559\\Faculty E2E\\20210308_181600\\1615207598765.png]]

2021-03-08 18:16:39 - [TEST_STEP][PASSED] - click(findTestObject("Faculty/Imports/subject_exp_close")): Object: 'Object Repository/Faculty/Imports/subject_exp_close' is clicked on

2021-03-08 18:16:39 - [MESSAGE][PASSED] - Object: 'Object Repository/Faculty/Imports/subject_exp_close' is clicked on

2021-03-08 18:16:39 - [TEST_STEP][PASSED] - click(findTestObject("Faculty/Imports/a_Dashboard")): Object: 'Object Repository/Faculty/Imports/a_Dashboard' is clicked on

2021-03-08 18:16:40 - [MESSAGE][PASSED] - Object: 'Object Repository/Faculty/Imports/a_Dashboard' is clicked on

2021-03-08 18:16:40 - [TEST_STEP][PASSED] - click(findTestObject("Faculty/Imports/svg_Dr PC Senthil Mahesh_svg-inline--fa fa-_fb601b")): Object: 'Object Repository/Faculty/Imports/svg_Dr PC Senthil Mahesh_svg-inline--fa fa-_fb601b' is clicked on

2021-03-08 18:16:41 - [MESSAGE][PASSED] - Object: 'Object Repository/Faculty/Imports/svg_Dr PC Senthil Mahesh_svg-inline--fa fa-_fb601b' is clicked on

2021-03-08 18:16:41 - [TEST_STEP][PASSED] - click(findTestObject("Faculty/Imports/button_logout")): Object: 'Object Repository/Faculty/Imports/button_logout' is clicked on

2021-03-08 18:16:42 - [MESSAGE][PASSED] - Object: 'Object Repository/Faculty/Imports/button_logout' is clicked on

2021-03-08 18:16:42 - [TEST_STEP][PASSED] - closeBrowser(): Browser is closed

2021-03-08 18:16:43 - [MESSAGE][PASSED] - Browser is closed]]></system-out>
         <system-err><![CDATA[]]></system-err>
      </testcase>
      <testcase name="Test Cases/Web/Faculty/Notifications" time="20.232" classname="Test Cases/Web/Faculty/Notifications" status="PASSED">
         <system-out><![CDATA[2021-03-08 18:16:43 - [TEST_CASE][PASSED] - Test Cases/Web/Faculty/Notifications: Test Cases/Web/Faculty/Notifications

2021-03-08 18:16:43 - [TEST_STEP][PASSED] - openBrowser(""): Browser is opened with url: ''

2021-03-08 18:16:43 - [MESSAGE][INFO] - Starting 'Chrome' driver

2021-03-08 18:16:43 - [MESSAGE][INFO] - User set preference: ['args', '[--allow-running-insecure-content, --start-maximized]']

2021-03-08 18:16:43 - [MESSAGE][INFO] - Action delay is set to 400 milliseconds

2021-03-08 18:16:45 - [MESSAGE][PASSED] - Browser is opened with url: ''

2021-03-08 18:16:45 - [TEST_STEP][PASSED] - navigateToUrl("https://oecfrontend.vercel.app/"): Navigate to 'https://oecfrontend.vercel.app/' successfully

2021-03-08 18:16:46 - [MESSAGE][PASSED] - Navigate to 'https://oecfrontend.vercel.app/' successfully

2021-03-08 18:16:46 - [TEST_STEP][PASSED] - setText(findTestObject("Object Repository/Faculty/Notifications/input_Faculty Login_username"), "AITS051002"): Text 'AITS051002' is set on object 'Object Repository/Faculty/Notifications/input_Faculty Login_username'

2021-03-08 18:16:48 - [MESSAGE][PASSED] - Text 'AITS051002' is set on object 'Object Repository/Faculty/Notifications/input_Faculty Login_username'

2021-03-08 18:16:48 - [TEST_STEP][PASSED] - setEncryptedText(findTestObject("Object Repository/Faculty/Notifications/input_Faculty Login_password"), "/HuGEUzXDLUt1zEZ6TwafQ=="): Text ****** has been set on object 'Object Repository/Faculty/Notifications/input_Faculty Login_password'

2021-03-08 18:16:49 - [MESSAGE][PASSED] - Text ****** has been set on object 'Object Repository/Faculty/Notifications/input_Faculty Login_password'

2021-03-08 18:16:49 - [TEST_STEP][PASSED] - click(findTestObject("Object Repository/Faculty/Notifications/button_Login")): Object: 'Object Repository/Faculty/Notifications/button_Login' is clicked on

2021-03-08 18:16:50 - [MESSAGE][PASSED] - Object: 'Object Repository/Faculty/Notifications/button_Login' is clicked on

2021-03-08 18:16:50 - [TEST_STEP][PASSED] - click(findTestObject("Faculty/Imports/svg_Dr PC Senthil Mahesh_svg-inline--fa fa-_fb601b")): Object: 'Object Repository/Faculty/Imports/svg_Dr PC Senthil Mahesh_svg-inline--fa fa-_fb601b' is clicked on

2021-03-08 18:16:52 - [MESSAGE][PASSED] - Object: 'Object Repository/Faculty/Imports/svg_Dr PC Senthil Mahesh_svg-inline--fa fa-_fb601b' is clicked on

2021-03-08 18:16:52 - [TEST_STEP][PASSED] - click(findTestObject("Faculty/Imports/div_Role ()AdminFacultyHOD")): Object: 'Object Repository/Faculty/Imports/div_Role ()AdminFacultyHOD' is clicked on

2021-03-08 18:16:52 - [MESSAGE][PASSED] - Object: 'Object Repository/Faculty/Imports/div_Role ()AdminFacultyHOD' is clicked on

2021-03-08 18:16:52 - [TEST_STEP][PASSED] - click(findTestObject("Faculty/Imports/svg_Dr PC Senthil Mahesh_svg-inline--fa fa-_fb601b")): Object: 'Object Repository/Faculty/Imports/svg_Dr PC Senthil Mahesh_svg-inline--fa fa-_fb601b' is clicked on

2021-03-08 18:16:53 - [MESSAGE][PASSED] - Object: 'Object Repository/Faculty/Imports/svg_Dr PC Senthil Mahesh_svg-inline--fa fa-_fb601b' is clicked on

2021-03-08 18:16:53 - [TEST_STEP][PASSED] - click(findTestObject("Object Repository/Faculty/Notifications/a_Faculty")): Object: 'Object Repository/Faculty/Notifications/a_Faculty' is clicked on

2021-03-08 18:16:54 - [MESSAGE][PASSED] - Object: 'Object Repository/Faculty/Notifications/a_Faculty' is clicked on

2021-03-08 18:16:54 - [TEST_STEP][PASSED] - click(findTestObject("Object Repository/Faculty/Notifications/img")): Object: 'Object Repository/Faculty/Notifications/img' is clicked on

2021-03-08 18:16:55 - [MESSAGE][PASSED] - Object: 'Object Repository/Faculty/Notifications/img' is clicked on

2021-03-08 18:16:55 - [TEST_STEP][PASSED] - click(findTestObject("Object Repository/Faculty/Notifications/button_View Incoming Requests")): Object: 'Object Repository/Faculty/Notifications/button_View Incoming Requests' is clicked on

2021-03-08 18:16:57 - [MESSAGE][PASSED] - Object: 'Object Repository/Faculty/Notifications/button_View Incoming Requests' is clicked on

2021-03-08 18:16:57 - [TEST_STEP][PASSED] - delay(1): Delayed 1 second(s)

2021-03-08 18:16:58 - [MESSAGE][PASSED] - Delayed 1 second(s)

2021-03-08 18:16:58 - [TEST_STEP][PASSED] - takeScreenshot(): Taking screenshot successfully

2021-03-08 18:16:58 - [MESSAGE][PASSED] - Taking screenshot successfully
[[ATTACHMENT|C:\\Users\\PVs\\Katalon Studio\\Portal_OEC\\Reports\\20210308_181559\\Faculty E2E\\20210308_181600\\1615207618354.png]]

2021-03-08 18:16:58 - [TEST_STEP][PASSED] - click(findTestObject("Object Repository/Faculty/Notifications/button_View Outgoing Requests")): Object: 'Object Repository/Faculty/Notifications/button_View Outgoing Requests' is clicked on

2021-03-08 18:16:59 - [MESSAGE][PASSED] - Object: 'Object Repository/Faculty/Notifications/button_View Outgoing Requests' is clicked on

2021-03-08 18:16:59 - [TEST_STEP][PASSED] - delay(1): Delayed 1 second(s)

2021-03-08 18:17:00 - [MESSAGE][PASSED] - Delayed 1 second(s)

2021-03-08 18:17:00 - [TEST_STEP][PASSED] - takeScreenshot(): Taking screenshot successfully

2021-03-08 18:17:01 - [MESSAGE][PASSED] - Taking screenshot successfully
[[ATTACHMENT|C:\\Users\\PVs\\Katalon Studio\\Portal_OEC\\Reports\\20210308_181559\\Faculty E2E\\20210308_181600\\1615207620846.png]]

2021-03-08 18:17:01 - [TEST_STEP][PASSED] - click(findTestObject("Object Repository/Faculty/Notifications/svg_Dr. P.C. Senthil Mahesh_svg-inline--fa _bc1b97")): Object: 'Object Repository/Faculty/Notifications/svg_Dr. P.C. Senthil Mahesh_svg-inline--fa _bc1b97' is clicked on

2021-03-08 18:17:02 - [MESSAGE][PASSED] - Object: 'Object Repository/Faculty/Notifications/svg_Dr. P.C. Senthil Mahesh_svg-inline--fa _bc1b97' is clicked on

2021-03-08 18:17:02 - [TEST_STEP][PASSED] - click(findTestObject("Object Repository/Faculty/Notifications/button_logout")): Object: 'Object Repository/Faculty/Notifications/button_logout' is clicked on

2021-03-08 18:17:03 - [MESSAGE][PASSED] - Object: 'Object Repository/Faculty/Notifications/button_logout' is clicked on

2021-03-08 18:17:03 - [TEST_STEP][PASSED] - closeBrowser(): Browser is closed

2021-03-08 18:17:03 - [MESSAGE][PASSED] - Browser is closed]]></system-out>
         <system-err><![CDATA[]]></system-err>
      </testcase>
      <testcase name="Test Cases/Web/Faculty/Profile" time="40.815" classname="Test Cases/Web/Faculty/Profile" status="PASSED">
         <system-out><![CDATA[2021-03-08 18:17:03 - [TEST_CASE][PASSED] - Test Cases/Web/Faculty/Profile: Test Cases/Web/Faculty/Profile

2021-03-08 18:17:04 - [TEST_STEP][PASSED] - openBrowser(""): Browser is opened with url: ''

2021-03-08 18:17:04 - [MESSAGE][INFO] - Starting 'Chrome' driver

2021-03-08 18:17:04 - [MESSAGE][INFO] - User set preference: ['args', '[--allow-running-insecure-content, --start-maximized]']

2021-03-08 18:17:04 - [MESSAGE][INFO] - Action delay is set to 400 milliseconds

2021-03-08 18:17:05 - [MESSAGE][PASSED] - Browser is opened with url: ''

2021-03-08 18:17:05 - [TEST_STEP][PASSED] - navigateToUrl("https://oecfrontend.vercel.app/"): Navigate to 'https://oecfrontend.vercel.app/' successfully

2021-03-08 18:17:06 - [MESSAGE][PASSED] - Navigate to 'https://oecfrontend.vercel.app/' successfully

2021-03-08 18:17:06 - [TEST_STEP][PASSED] - setText(findTestObject("Object Repository/Faculty/Profile/input_Faculty Login_username"), "AITS051002"): Text 'AITS051002' is set on object 'Object Repository/Faculty/Profile/input_Faculty Login_username'

2021-03-08 18:17:08 - [MESSAGE][PASSED] - Text 'AITS051002' is set on object 'Object Repository/Faculty/Profile/input_Faculty Login_username'

2021-03-08 18:17:08 - [TEST_STEP][PASSED] - setEncryptedText(findTestObject("Object Repository/Faculty/Profile/input_Faculty Login_password"), "/HuGEUzXDLUt1zEZ6TwafQ=="): Text ****** has been set on object 'Object Repository/Faculty/Profile/input_Faculty Login_password'

2021-03-08 18:17:09 - [MESSAGE][PASSED] - Text ****** has been set on object 'Object Repository/Faculty/Profile/input_Faculty Login_password'

2021-03-08 18:17:09 - [TEST_STEP][PASSED] - click(findTestObject("Object Repository/Faculty/Profile/button_Login")): Object: 'Object Repository/Faculty/Profile/button_Login' is clicked on

2021-03-08 18:17:10 - [MESSAGE][PASSED] - Object: 'Object Repository/Faculty/Profile/button_Login' is clicked on

2021-03-08 18:17:10 - [TEST_STEP][PASSED] - click(findTestObject("Object Repository/Faculty/Profile/svg_Dr. P.C. Senthil Mahesh_svg-inline--fa _bc1b97")): Object: 'Object Repository/Faculty/Profile/svg_Dr. P.C. Senthil Mahesh_svg-inline--fa _bc1b97' is clicked on

2021-03-08 18:17:11 - [MESSAGE][PASSED] - Object: 'Object Repository/Faculty/Profile/svg_Dr. P.C. Senthil Mahesh_svg-inline--fa _bc1b97' is clicked on

2021-03-08 18:17:11 - [TEST_STEP][PASSED] - click(findTestObject("Object Repository/Faculty/Profile/div_Role ()AdminFacultyHOD")): Object: 'Object Repository/Faculty/Profile/div_Role ()AdminFacultyHOD' is clicked on

2021-03-08 18:17:12 - [MESSAGE][PASSED] - Object: 'Object Repository/Faculty/Profile/div_Role ()AdminFacultyHOD' is clicked on

2021-03-08 18:17:12 - [TEST_STEP][PASSED] - click(findTestObject("Object Repository/Faculty/Profile/svg_Dr. P.C. Senthil Mahesh_svg-inline--fa _bc1b97")): Object: 'Object Repository/Faculty/Profile/svg_Dr. P.C. Senthil Mahesh_svg-inline--fa _bc1b97' is clicked on

2021-03-08 18:17:13 - [MESSAGE][PASSED] - Object: 'Object Repository/Faculty/Profile/svg_Dr. P.C. Senthil Mahesh_svg-inline--fa _bc1b97' is clicked on

2021-03-08 18:17:13 - [TEST_STEP][PASSED] - click(findTestObject("Object Repository/Faculty/Profile/a_Faculty")): Object: 'Object Repository/Faculty/Profile/a_Faculty' is clicked on

2021-03-08 18:17:14 - [MESSAGE][PASSED] - Object: 'Object Repository/Faculty/Profile/a_Faculty' is clicked on

2021-03-08 18:17:14 - [TEST_STEP][PASSED] - click(findTestObject("Object Repository/Faculty/Profile/img")): Object: 'Object Repository/Faculty/Profile/img' is clicked on

2021-03-08 18:17:15 - [MESSAGE][PASSED] - Object: 'Object Repository/Faculty/Profile/img' is clicked on

2021-03-08 18:17:15 - [TEST_STEP][PASSED] - click(findTestObject("Object Repository/Faculty/Profile/button_Change Profile Information")): Object: 'Object Repository/Faculty/Profile/button_Change Profile Information' is clicked on

2021-03-08 18:17:17 - [MESSAGE][PASSED] - Object: 'Object Repository/Faculty/Profile/button_Change Profile Information' is clicked on

2021-03-08 18:17:17 - [TEST_STEP][PASSED] - doubleClick(findTestObject("Object Repository/Faculty/Profile/input_JNTUA No._jntuhID")): Object: 'Object Repository/Faculty/Profile/input_JNTUA No._jntuhID' is double clicked on

2021-03-08 18:17:18 - [MESSAGE][PASSED] - Object: 'Object Repository/Faculty/Profile/input_JNTUA No._jntuhID' is double clicked on

2021-03-08 18:17:18 - [TEST_STEP][PASSED] - setText(findTestObject("Object Repository/Faculty/Profile/input_JNTUA No._jntuhID"), "123455678"): Text '123455678' is set on object 'Object Repository/Faculty/Profile/input_JNTUA No._jntuhID'

2021-03-08 18:17:20 - [MESSAGE][PASSED] - Text '123455678' is set on object 'Object Repository/Faculty/Profile/input_JNTUA No._jntuhID'

2021-03-08 18:17:20 - [TEST_STEP][PASSED] - click(findTestObject("Object Repository/Faculty/Profile/button_Update")): Object: 'Object Repository/Faculty/Profile/button_Update' is clicked on

2021-03-08 18:17:20 - [MESSAGE][PASSED] - Object: 'Object Repository/Faculty/Profile/button_Update' is clicked on

2021-03-08 18:17:20 - [TEST_STEP][PASSED] - takeScreenshot(): Taking screenshot successfully

2021-03-08 18:17:21 - [MESSAGE][PASSED] - Taking screenshot successfully
[[ATTACHMENT|C:\\Users\\PVs\\Katalon Studio\\Portal_OEC\\Reports\\20210308_181559\\Faculty E2E\\20210308_181600\\1615207641579.png]]

2021-03-08 18:17:21 - [TEST_STEP][PASSED] - click(findTestObject("Object Repository/Faculty/Profile/button_Contact Details")): Object: 'Object Repository/Faculty/Profile/button_Contact Details' is clicked on

2021-03-08 18:17:22 - [MESSAGE][PASSED] - Object: 'Object Repository/Faculty/Profile/button_Contact Details' is clicked on

2021-03-08 18:17:22 - [TEST_STEP][PASSED] - click(findTestObject("Faculty/Profile/button_Change Contact Information")): Object: 'Object Repository/Faculty/Profile/button_Change Contact Information' is clicked on

2021-03-08 18:17:23 - [MESSAGE][PASSED] - Object: 'Object Repository/Faculty/Profile/button_Change Contact Information' is clicked on

2021-03-08 18:17:23 - [TEST_STEP][PASSED] - doubleClick(findTestObject("Object Repository/Faculty/Profile/input_Mobile No_mobileNumber")): Object: 'Object Repository/Faculty/Profile/input_Mobile No_mobileNumber' is double clicked on

2021-03-08 18:17:24 - [MESSAGE][PASSED] - Object: 'Object Repository/Faculty/Profile/input_Mobile No_mobileNumber' is double clicked on

2021-03-08 18:17:24 - [TEST_STEP][PASSED] - setText(findTestObject("Object Repository/Faculty/Profile/input_Mobile No_mobileNumber"), "09248708087"): Text '09248708087' is set on object 'Object Repository/Faculty/Profile/input_Mobile No_mobileNumber'

2021-03-08 18:17:25 - [MESSAGE][PASSED] - Text '09248708087' is set on object 'Object Repository/Faculty/Profile/input_Mobile No_mobileNumber'

2021-03-08 18:17:25 - [TEST_STEP][PASSED] - click(findTestObject("Object Repository/Faculty/Profile/button_Update Contact Details")): Object: 'Object Repository/Faculty/Profile/button_Update Contact Details' is clicked on

2021-03-08 18:17:26 - [MESSAGE][PASSED] - Object: 'Object Repository/Faculty/Profile/button_Update Contact Details' is clicked on

2021-03-08 18:17:26 - [TEST_STEP][PASSED] - takeScreenshot(): Taking screenshot successfully

2021-03-08 18:17:27 - [MESSAGE][PASSED] - Taking screenshot successfully
[[ATTACHMENT|C:\\Users\\PVs\\Katalon Studio\\Portal_OEC\\Reports\\20210308_181559\\Faculty E2E\\20210308_181600\\1615207647361.png]]

2021-03-08 18:17:27 - [TEST_STEP][PASSED] - click(findTestObject("Object Repository/Faculty/Profile/button_Book Publications")): Object: 'Object Repository/Faculty/Profile/button_Book Publications' is clicked on

2021-03-08 18:17:28 - [MESSAGE][PASSED] - Object: 'Object Repository/Faculty/Profile/button_Book Publications' is clicked on

2021-03-08 18:17:28 - [TEST_STEP][PASSED] - takeScreenshot(): Taking screenshot successfully

2021-03-08 18:17:29 - [MESSAGE][PASSED] - Taking screenshot successfully
[[ATTACHMENT|C:\\Users\\PVs\\Katalon Studio\\Portal_OEC\\Reports\\20210308_181559\\Faculty E2E\\20210308_181600\\1615207648839.png]]

2021-03-08 18:17:29 - [TEST_STEP][PASSED] - click(findTestObject("Object Repository/Faculty/Profile/button_Journal Publications")): Object: 'Object Repository/Faculty/Profile/button_Journal Publications' is clicked on

2021-03-08 18:17:30 - [MESSAGE][PASSED] - Object: 'Object Repository/Faculty/Profile/button_Journal Publications' is clicked on

2021-03-08 18:17:30 - [TEST_STEP][PASSED] - takeScreenshot(): Taking screenshot successfully

2021-03-08 18:17:30 - [MESSAGE][PASSED] - Taking screenshot successfully
[[ATTACHMENT|C:\\Users\\PVs\\Katalon Studio\\Portal_OEC\\Reports\\20210308_181559\\Faculty E2E\\20210308_181600\\1615207650327.png]]

2021-03-08 18:17:30 - [TEST_STEP][PASSED] - click(findTestObject("Object Repository/Faculty/Profile/button_Research Guidlance")): Object: 'Object Repository/Faculty/Profile/button_Research Guidlance' is clicked on

2021-03-08 18:17:31 - [MESSAGE][PASSED] - Object: 'Object Repository/Faculty/Profile/button_Research Guidlance' is clicked on

2021-03-08 18:17:31 - [TEST_STEP][PASSED] - takeScreenshot(): Taking screenshot successfully

2021-03-08 18:17:32 - [MESSAGE][PASSED] - Taking screenshot successfully
[[ATTACHMENT|C:\\Users\\PVs\\Katalon Studio\\Portal_OEC\\Reports\\20210308_181559\\Faculty E2E\\20210308_181600\\1615207651804.png]]

2021-03-08 18:17:32 - [TEST_STEP][PASSED] - click(findTestObject("Object Repository/Faculty/Profile/span_ MORE")): Object: 'Object Repository/Faculty/Profile/span_ MORE' is clicked on

2021-03-08 18:17:33 - [MESSAGE][PASSED] - Object: 'Object Repository/Faculty/Profile/span_ MORE' is clicked on

2021-03-08 18:17:33 - [TEST_STEP][PASSED] - click(findTestObject("Object Repository/Faculty/Profile/button_Workshop Details")): Object: 'Object Repository/Faculty/Profile/button_Workshop Details' is clicked on

2021-03-08 18:17:34 - [MESSAGE][PASSED] - Object: 'Object Repository/Faculty/Profile/button_Workshop Details' is clicked on

2021-03-08 18:17:34 - [TEST_STEP][PASSED] - takeScreenshot(): Taking screenshot successfully

2021-03-08 18:17:34 - [MESSAGE][PASSED] - Taking screenshot successfully
[[ATTACHMENT|C:\\Users\\PVs\\Katalon Studio\\Portal_OEC\\Reports\\20210308_181559\\Faculty E2E\\20210308_181600\\1615207654482.png]]

2021-03-08 18:17:34 - [TEST_STEP][PASSED] - click(findTestObject("Object Repository/Faculty/Profile/span_ MORE")): Object: 'Object Repository/Faculty/Profile/span_ MORE' is clicked on

2021-03-08 18:17:35 - [MESSAGE][PASSED] - Object: 'Object Repository/Faculty/Profile/span_ MORE' is clicked on

2021-03-08 18:17:35 - [TEST_STEP][PASSED] - click(findTestObject("Object Repository/Faculty/Profile/button_Grant Received")): Object: 'Object Repository/Faculty/Profile/button_Grant Received' is clicked on

2021-03-08 18:17:36 - [MESSAGE][PASSED] - Object: 'Object Repository/Faculty/Profile/button_Grant Received' is clicked on

2021-03-08 18:17:36 - [TEST_STEP][PASSED] - takeScreenshot(): Taking screenshot successfully

2021-03-08 18:17:37 - [MESSAGE][PASSED] - Taking screenshot successfully
[[ATTACHMENT|C:\\Users\\PVs\\Katalon Studio\\Portal_OEC\\Reports\\20210308_181559\\Faculty E2E\\20210308_181600\\1615207657127.png]]

2021-03-08 18:17:37 - [TEST_STEP][PASSED] - click(findTestObject("Object Repository/Faculty/Profile/span_ MORE")): Object: 'Object Repository/Faculty/Profile/span_ MORE' is clicked on

2021-03-08 18:17:38 - [MESSAGE][PASSED] - Object: 'Object Repository/Faculty/Profile/span_ MORE' is clicked on

2021-03-08 18:17:38 - [TEST_STEP][PASSED] - click(findTestObject("Object Repository/Faculty/Profile/button_Conferences")): Object: 'Object Repository/Faculty/Profile/button_Conferences' is clicked on

2021-03-08 18:17:39 - [MESSAGE][PASSED] - Object: 'Object Repository/Faculty/Profile/button_Conferences' is clicked on

2021-03-08 18:17:39 - [TEST_STEP][PASSED] - takeScreenshot(): Taking screenshot successfully

2021-03-08 18:17:40 - [MESSAGE][PASSED] - Taking screenshot successfully
[[ATTACHMENT|C:\\Users\\PVs\\Katalon Studio\\Portal_OEC\\Reports\\20210308_181559\\Faculty E2E\\20210308_181600\\1615207659712.png]]

2021-03-08 18:17:40 - [TEST_STEP][PASSED] - click(findTestObject("Object Repository/Faculty/Profile/span_ MORE")): Object: 'Object Repository/Faculty/Profile/span_ MORE' is clicked on

2021-03-08 18:17:40 - [MESSAGE][PASSED] - Object: 'Object Repository/Faculty/Profile/span_ MORE' is clicked on

2021-03-08 18:17:40 - [TEST_STEP][PASSED] - click(findTestObject("Object Repository/Faculty/Profile/button_Ph.D Details")): Object: 'Object Repository/Faculty/Profile/button_Ph.D Details' is clicked on

2021-03-08 18:17:41 - [MESSAGE][PASSED] - Object: 'Object Repository/Faculty/Profile/button_Ph.D Details' is clicked on

2021-03-08 18:17:41 - [TEST_STEP][PASSED] - takeScreenshot(): Taking screenshot successfully

2021-03-08 18:17:42 - [MESSAGE][PASSED] - Taking screenshot successfully
[[ATTACHMENT|C:\\Users\\PVs\\Katalon Studio\\Portal_OEC\\Reports\\20210308_181559\\Faculty E2E\\20210308_181600\\1615207662408.png]]

2021-03-08 18:17:42 - [TEST_STEP][PASSED] - click(findTestObject("Object Repository/Faculty/Mentoring/svg_Dr. P.C. Senthil Mahesh_svg-inline--fa _bc1b97")): Object: 'Object Repository/Faculty/Mentoring/svg_Dr. P.C. Senthil Mahesh_svg-inline--fa _bc1b97' is clicked on

2021-03-08 18:17:43 - [MESSAGE][PASSED] - Object: 'Object Repository/Faculty/Mentoring/svg_Dr. P.C. Senthil Mahesh_svg-inline--fa _bc1b97' is clicked on

2021-03-08 18:17:43 - [TEST_STEP][PASSED] - click(findTestObject("Object Repository/Faculty/Mentoring/button_logout")): Object: 'Object Repository/Faculty/Mentoring/button_logout' is clicked on

2021-03-08 18:17:44 - [MESSAGE][PASSED] - Object: 'Object Repository/Faculty/Mentoring/button_logout' is clicked on]]></system-out>
         <system-err><![CDATA[]]></system-err>
      </testcase>
      <testcase name="Test Cases/Web/Faculty/Allocated Courses" time="29.82" classname="Test Cases/Web/Faculty/Allocated Courses" status="PASSED">
         <system-out><![CDATA[2021-03-08 18:17:44 - [TEST_CASE][PASSED] - Test Cases/Web/Faculty/Allocated Courses: Test Cases/Web/Faculty/Allocated Courses

2021-03-08 18:17:44 - [TEST_STEP][PASSED] - openBrowser(""): Browser is opened with url: ''

2021-03-08 18:17:44 - [MESSAGE][WARNING] - A browser is already opened. Closing browser and opening a new one

2021-03-08 18:17:45 - [MESSAGE][INFO] - Starting 'Chrome' driver

2021-03-08 18:17:45 - [MESSAGE][INFO] - User set preference: ['args', '[--allow-running-insecure-content, --start-maximized]']

2021-03-08 18:17:45 - [MESSAGE][INFO] - Action delay is set to 400 milliseconds

2021-03-08 18:17:46 - [MESSAGE][PASSED] - Browser is opened with url: ''

2021-03-08 18:17:46 - [TEST_STEP][PASSED] - navigateToUrl("https://oecfrontend.vercel.app/"): Navigate to 'https://oecfrontend.vercel.app/' successfully

2021-03-08 18:17:48 - [MESSAGE][PASSED] - Navigate to 'https://oecfrontend.vercel.app/' successfully

2021-03-08 18:17:48 - [TEST_STEP][PASSED] - setText(findTestObject("Object Repository/Faculty/Allocated Courses/input_Faculty Login_username"), "AITS051002"): Text 'AITS051002' is set on object 'Object Repository/Faculty/Allocated Courses/input_Faculty Login_username'

2021-03-08 18:17:49 - [MESSAGE][PASSED] - Text 'AITS051002' is set on object 'Object Repository/Faculty/Allocated Courses/input_Faculty Login_username'

2021-03-08 18:17:49 - [TEST_STEP][PASSED] - setEncryptedText(findTestObject("Object Repository/Faculty/Allocated Courses/input_Faculty Login_password"), "/HuGEUzXDLUt1zEZ6TwafQ=="): Text ****** has been set on object 'Object Repository/Faculty/Allocated Courses/input_Faculty Login_password'

2021-03-08 18:17:51 - [MESSAGE][PASSED] - Text ****** has been set on object 'Object Repository/Faculty/Allocated Courses/input_Faculty Login_password'

2021-03-08 18:17:51 - [TEST_STEP][PASSED] - click(findTestObject("Faculty/Imports/button_Login")): Object: 'Object Repository/Faculty/Imports/button_Login' is clicked on

2021-03-08 18:17:51 - [MESSAGE][PASSED] - Object: 'Object Repository/Faculty/Imports/button_Login' is clicked on

2021-03-08 18:17:51 - [TEST_STEP][PASSED] - click(findTestObject("Faculty/Imports/svg_Dr PC Senthil Mahesh_svg-inline--fa fa-_fb601b")): Object: 'Object Repository/Faculty/Imports/svg_Dr PC Senthil Mahesh_svg-inline--fa fa-_fb601b' is clicked on

2021-03-08 18:17:53 - [MESSAGE][PASSED] - Object: 'Object Repository/Faculty/Imports/svg_Dr PC Senthil Mahesh_svg-inline--fa fa-_fb601b' is clicked on

2021-03-08 18:17:53 - [TEST_STEP][PASSED] - click(findTestObject("Faculty/Imports/div_Role ()AdminFacultyHOD")): Object: 'Object Repository/Faculty/Imports/div_Role ()AdminFacultyHOD' is clicked on

2021-03-08 18:17:54 - [MESSAGE][PASSED] - Object: 'Object Repository/Faculty/Imports/div_Role ()AdminFacultyHOD' is clicked on

2021-03-08 18:17:54 - [TEST_STEP][PASSED] - click(findTestObject("Faculty/Imports/svg_Dr PC Senthil Mahesh_svg-inline--fa fa-_fb601b")): Object: 'Object Repository/Faculty/Imports/svg_Dr PC Senthil Mahesh_svg-inline--fa fa-_fb601b' is clicked on

2021-03-08 18:17:55 - [MESSAGE][PASSED] - Object: 'Object Repository/Faculty/Imports/svg_Dr PC Senthil Mahesh_svg-inline--fa fa-_fb601b' is clicked on

2021-03-08 18:17:55 - [TEST_STEP][PASSED] - click(findTestObject("Faculty/Imports/a_Faculty")): Object: 'Object Repository/Faculty/Imports/a_Faculty' is clicked on

2021-03-08 18:17:56 - [MESSAGE][PASSED] - Object: 'Object Repository/Faculty/Imports/a_Faculty' is clicked on

2021-03-08 18:17:56 - [TEST_STEP][PASSED] - delay(2): Delayed 2 second(s)

2021-03-08 18:17:58 - [MESSAGE][PASSED] - Delayed 2 second(s)

2021-03-08 18:17:58 - [TEST_STEP][PASSED] - click(findTestObject("Object Repository/Faculty/Allocated Courses/img")): Object: 'Object Repository/Faculty/Allocated Courses/img' is clicked on

2021-03-08 18:17:59 - [MESSAGE][PASSED] - Object: 'Object Repository/Faculty/Allocated Courses/img' is clicked on

2021-03-08 18:17:59 - [TEST_STEP][PASSED] - click(findTestObject("Object Repository/Faculty/Allocated Courses/button_Reference")): Object: 'Object Repository/Faculty/Allocated Courses/button_Reference' is clicked on

2021-03-08 18:18:01 - [MESSAGE][PASSED] - Object: 'Object Repository/Faculty/Allocated Courses/button_Reference' is clicked on

2021-03-08 18:18:01 - [TEST_STEP][PASSED] - click(findTestObject("Object Repository/Faculty/Allocated Courses/button_Reference Books")): Object: 'Object Repository/Faculty/Allocated Courses/button_Reference Books' is clicked on

2021-03-08 18:18:02 - [MESSAGE][PASSED] - Object: 'Object Repository/Faculty/Allocated Courses/button_Reference Books' is clicked on

2021-03-08 18:18:02 - [TEST_STEP][PASSED] - click(findTestObject("Object Repository/Faculty/Allocated Courses/button_External Resource Links  Notes")): Object: 'Object Repository/Faculty/Allocated Courses/button_External Resource Links  Notes' is clicked on

2021-03-08 18:18:03 - [MESSAGE][PASSED] - Object: 'Object Repository/Faculty/Allocated Courses/button_External Resource Links  Notes' is clicked on

2021-03-08 18:18:03 - [TEST_STEP][PASSED] - takeScreenshot(): Taking screenshot successfully

2021-03-08 18:18:04 - [MESSAGE][PASSED] - Taking screenshot successfully
[[ATTACHMENT|C:\\Users\\PVs\\Katalon Studio\\Portal_OEC\\Reports\\20210308_181559\\Faculty E2E\\20210308_181600\\1615207684322.png]]

2021-03-08 18:18:04 - [TEST_STEP][PASSED] - focus(findTestObject("Faculty/Allocated Courses/Ref_close")): Object: 'Object Repository/Faculty/Allocated Courses/Ref_close' is focused

2021-03-08 18:18:05 - [MESSAGE][PASSED] - Object: 'Object Repository/Faculty/Allocated Courses/Ref_close' is focused

2021-03-08 18:18:05 - [TEST_STEP][PASSED] - click(findTestObject("Faculty/Allocated Courses/Ref_close")): Object: 'Object Repository/Faculty/Allocated Courses/Ref_close' is clicked on

2021-03-08 18:18:05 - [MESSAGE][PASSED] - Object: 'Object Repository/Faculty/Allocated Courses/Ref_close' is clicked on

2021-03-08 18:18:05 - [TEST_STEP][PASSED] - click(findTestObject("Object Repository/Faculty/Allocated Courses/button_CO-PO Mapping")): Object: 'Object Repository/Faculty/Allocated Courses/button_CO-PO Mapping' is clicked on

2021-03-08 18:18:06 - [MESSAGE][PASSED] - Object: 'Object Repository/Faculty/Allocated Courses/button_CO-PO Mapping' is clicked on

2021-03-08 18:18:06 - [TEST_STEP][PASSED] - takeScreenshot(): Taking screenshot successfully

2021-03-08 18:18:07 - [MESSAGE][PASSED] - Taking screenshot successfully
[[ATTACHMENT|C:\\Users\\PVs\\Katalon Studio\\Portal_OEC\\Reports\\20210308_181559\\Faculty E2E\\20210308_181600\\1615207687619.png]]

2021-03-08 18:18:07 - [TEST_STEP][PASSED] - focus(findTestObject("Faculty/Allocated Courses/CO-PO-Close")): Object: 'Object Repository/Faculty/Allocated Courses/CO-PO-Close' is focused

2021-03-08 18:18:08 - [MESSAGE][PASSED] - Object: 'Object Repository/Faculty/Allocated Courses/CO-PO-Close' is focused

2021-03-08 18:18:08 - [TEST_STEP][PASSED] - click(findTestObject("Faculty/Allocated Courses/CO-PO-Close")): Object: 'Object Repository/Faculty/Allocated Courses/CO-PO-Close' is clicked on

2021-03-08 18:18:09 - [MESSAGE][PASSED] - Object: 'Object Repository/Faculty/Allocated Courses/CO-PO-Close' is clicked on

2021-03-08 18:18:09 - [TEST_STEP][PASSED] - click(findTestObject("Object Repository/Faculty/Allocated Courses/button_Extra Class")): Object: 'Object Repository/Faculty/Allocated Courses/button_Extra Class' is clicked on

2021-03-08 18:18:10 - [MESSAGE][PASSED] - Object: 'Object Repository/Faculty/Allocated Courses/button_Extra Class' is clicked on

2021-03-08 18:18:10 - [TEST_STEP][PASSED] - takeScreenshot(): Taking screenshot successfully

2021-03-08 18:18:11 - [MESSAGE][PASSED] - Taking screenshot successfully
[[ATTACHMENT|C:\\Users\\PVs\\Katalon Studio\\Portal_OEC\\Reports\\20210308_181559\\Faculty E2E\\20210308_181600\\1615207690777.png]]

2021-03-08 18:18:11 - [TEST_STEP][PASSED] - focus(findTestObject("Faculty/Allocated Courses/Extra-class-Close")): Object: 'Object Repository/Faculty/Allocated Courses/Extra-class-Close' is focused

2021-03-08 18:18:11 - [MESSAGE][PASSED] - Object: 'Object Repository/Faculty/Allocated Courses/Extra-class-Close' is focused

2021-03-08 18:18:11 - [TEST_STEP][PASSED] - click(findTestObject("Faculty/Allocated Courses/Extra-class-Close")): Object: 'Object Repository/Faculty/Allocated Courses/Extra-class-Close' is clicked on

2021-03-08 18:18:12 - [MESSAGE][PASSED] - Object: 'Object Repository/Faculty/Allocated Courses/Extra-class-Close' is clicked on

2021-03-08 18:18:12 - [TEST_STEP][PASSED] - click(findTestObject("Faculty/Allocated Courses/svg_Dr. P.C. Senthil Mahesh_svg-inline--fa _bc1b97")): Object: 'Object Repository/Faculty/Allocated Courses/svg_Dr. P.C. Senthil Mahesh_svg-inline--fa _bc1b97' is clicked on

2021-03-08 18:18:13 - [MESSAGE][PASSED] - Object: 'Object Repository/Faculty/Allocated Courses/svg_Dr. P.C. Senthil Mahesh_svg-inline--fa _bc1b97' is clicked on

2021-03-08 18:18:13 - [TEST_STEP][PASSED] - click(findTestObject("Object Repository/Faculty/Allocated Courses/button_logout")): Object: 'Object Repository/Faculty/Allocated Courses/button_logout' is clicked on

2021-03-08 18:18:14 - [MESSAGE][PASSED] - Object: 'Object Repository/Faculty/Allocated Courses/button_logout' is clicked on]]></system-out>
         <system-err><![CDATA[]]></system-err>
      </testcase>
      <testcase name="Test Cases/Web/Faculty/Course Coordinator Allocation" time="21.9" classname="Test Cases/Web/Faculty/Course Coordinator Allocation" status="PASSED">
         <system-out><![CDATA[2021-03-08 18:18:14 - [TEST_CASE][PASSED] - Test Cases/Web/Faculty/Course Coordinator Allocation: Test Cases/Web/Faculty/Course Coordinator Allocation

2021-03-08 18:18:14 - [TEST_STEP][PASSED] - openBrowser(""): Browser is opened with url: ''

2021-03-08 18:18:14 - [MESSAGE][WARNING] - A browser is already opened. Closing browser and opening a new one

2021-03-08 18:18:15 - [MESSAGE][INFO] - Starting 'Chrome' driver

2021-03-08 18:18:15 - [MESSAGE][INFO] - User set preference: ['args', '[--allow-running-insecure-content, --start-maximized]']

2021-03-08 18:18:15 - [MESSAGE][INFO] - Action delay is set to 400 milliseconds

2021-03-08 18:18:16 - [MESSAGE][PASSED] - Browser is opened with url: ''

2021-03-08 18:18:16 - [TEST_STEP][PASSED] - navigateToUrl("https://oecfrontend.vercel.app/"): Navigate to 'https://oecfrontend.vercel.app/' successfully

2021-03-08 18:18:17 - [MESSAGE][PASSED] - Navigate to 'https://oecfrontend.vercel.app/' successfully

2021-03-08 18:18:17 - [TEST_STEP][PASSED] - setText(findTestObject("Object Repository/Faculty/Course Coordinator Allocation/input_Faculty Login_username"), "AITS051002"): Text 'AITS051002' is set on object 'Object Repository/Faculty/Course Coordinator Allocation/input_Faculty Login_username'

2021-03-08 18:18:19 - [MESSAGE][PASSED] - Text 'AITS051002' is set on object 'Object Repository/Faculty/Course Coordinator Allocation/input_Faculty Login_username'

2021-03-08 18:18:19 - [TEST_STEP][PASSED] - setEncryptedText(findTestObject("Object Repository/Faculty/Course Coordinator Allocation/input_Faculty Login_password"), "/HuGEUzXDLUt1zEZ6TwafQ=="): Text ****** has been set on object 'Object Repository/Faculty/Course Coordinator Allocation/input_Faculty Login_password'

2021-03-08 18:18:20 - [MESSAGE][PASSED] - Text ****** has been set on object 'Object Repository/Faculty/Course Coordinator Allocation/input_Faculty Login_password'

2021-03-08 18:18:20 - [TEST_STEP][PASSED] - click(findTestObject("Object Repository/Faculty/Course Coordinator Allocation/button_Login")): Object: 'Object Repository/Faculty/Course Coordinator Allocation/button_Login' is clicked on

2021-03-08 18:18:21 - [MESSAGE][PASSED] - Object: 'Object Repository/Faculty/Course Coordinator Allocation/button_Login' is clicked on

2021-03-08 18:18:21 - [TEST_STEP][PASSED] - click(findTestObject("Object Repository/Faculty/Profile/svg_Dr. P.C. Senthil Mahesh_svg-inline--fa _bc1b97")): Object: 'Object Repository/Faculty/Profile/svg_Dr. P.C. Senthil Mahesh_svg-inline--fa _bc1b97' is clicked on

2021-03-08 18:18:22 - [MESSAGE][PASSED] - Object: 'Object Repository/Faculty/Profile/svg_Dr. P.C. Senthil Mahesh_svg-inline--fa _bc1b97' is clicked on

2021-03-08 18:18:22 - [TEST_STEP][PASSED] - click(findTestObject("Object Repository/Faculty/Profile/div_Role ()AdminFacultyHOD")): Object: 'Object Repository/Faculty/Profile/div_Role ()AdminFacultyHOD' is clicked on

2021-03-08 18:18:23 - [MESSAGE][PASSED] - Object: 'Object Repository/Faculty/Profile/div_Role ()AdminFacultyHOD' is clicked on

2021-03-08 18:18:23 - [TEST_STEP][PASSED] - click(findTestObject("Object Repository/Faculty/Profile/svg_Dr. P.C. Senthil Mahesh_svg-inline--fa _bc1b97")): Object: 'Object Repository/Faculty/Profile/svg_Dr. P.C. Senthil Mahesh_svg-inline--fa _bc1b97' is clicked on

2021-03-08 18:18:24 - [MESSAGE][PASSED] - Object: 'Object Repository/Faculty/Profile/svg_Dr. P.C. Senthil Mahesh_svg-inline--fa _bc1b97' is clicked on

2021-03-08 18:18:24 - [TEST_STEP][PASSED] - click(findTestObject("Object Repository/Faculty/Profile/a_Faculty")): Object: 'Object Repository/Faculty/Profile/a_Faculty' is clicked on

2021-03-08 18:18:25 - [MESSAGE][PASSED] - Object: 'Object Repository/Faculty/Profile/a_Faculty' is clicked on

2021-03-08 18:18:25 - [TEST_STEP][PASSED] - click(findTestObject("Object Repository/Faculty/Course Coordinator Allocation/img")): Object: 'Object Repository/Faculty/Course Coordinator Allocation/img' is clicked on

2021-03-08 18:18:26 - [MESSAGE][PASSED] - Object: 'Object Repository/Faculty/Course Coordinator Allocation/img' is clicked on

2021-03-08 18:18:26 - [TEST_STEP][PASSED] - click(findTestObject("Object Repository/Faculty/Course Coordinator Allocation/button_Others")): Object: 'Object Repository/Faculty/Course Coordinator Allocation/button_Others' is clicked on

2021-03-08 18:18:28 - [MESSAGE][PASSED] - Object: 'Object Repository/Faculty/Course Coordinator Allocation/button_Others' is clicked on

2021-03-08 18:18:28 - [TEST_STEP][PASSED] - takeScreenshot(): Taking screenshot successfully

2021-03-08 18:18:29 - [MESSAGE][PASSED] - Taking screenshot successfully
[[ATTACHMENT|C:\\Users\\PVs\\Katalon Studio\\Portal_OEC\\Reports\\20210308_181559\\Faculty E2E\\20210308_181600\\1615207709000.png]]

2021-03-08 18:18:29 - [TEST_STEP][PASSED] - click(findTestObject("Object Repository/Faculty/Course Coordinator Allocation/button_CO-PO Mapping")): Object: 'Object Repository/Faculty/Course Coordinator Allocation/button_CO-PO Mapping' is clicked on

2021-03-08 18:18:30 - [MESSAGE][PASSED] - Object: 'Object Repository/Faculty/Course Coordinator Allocation/button_CO-PO Mapping' is clicked on

2021-03-08 18:18:30 - [TEST_STEP][PASSED] - takeScreenshot(): Taking screenshot successfully

2021-03-08 18:18:30 - [MESSAGE][PASSED] - Taking screenshot successfully
[[ATTACHMENT|C:\\Users\\PVs\\Katalon Studio\\Portal_OEC\\Reports\\20210308_181559\\Faculty E2E\\20210308_181600\\1615207710493.png]]

2021-03-08 18:18:30 - [TEST_STEP][PASSED] - click(findTestObject("Object Repository/Faculty/Course Coordinator Allocation/button_Question Paper Entry")): Object: 'Object Repository/Faculty/Course Coordinator Allocation/button_Question Paper Entry' is clicked on

2021-03-08 18:18:31 - [MESSAGE][PASSED] - Object: 'Object Repository/Faculty/Course Coordinator Allocation/button_Question Paper Entry' is clicked on

2021-03-08 18:18:31 - [TEST_STEP][PASSED] - takeScreenshot(): Taking screenshot successfully

2021-03-08 18:18:32 - [MESSAGE][PASSED] - Taking screenshot successfully
[[ATTACHMENT|C:\\Users\\PVs\\Katalon Studio\\Portal_OEC\\Reports\\20210308_181559\\Faculty E2E\\20210308_181600\\1615207711934.png]]

2021-03-08 18:18:32 - [TEST_STEP][PASSED] - click(findTestObject("Object Repository/Faculty/Course Coordinator Allocation/button_Reports")): Object: 'Object Repository/Faculty/Course Coordinator Allocation/button_Reports' is clicked on

2021-03-08 18:18:33 - [MESSAGE][PASSED] - Object: 'Object Repository/Faculty/Course Coordinator Allocation/button_Reports' is clicked on

2021-03-08 18:18:33 - [TEST_STEP][PASSED] - takeScreenshot(): Taking screenshot successfully

2021-03-08 18:18:33 - [MESSAGE][PASSED] - Taking screenshot successfully
[[ATTACHMENT|C:\\Users\\PVs\\Katalon Studio\\Portal_OEC\\Reports\\20210308_181559\\Faculty E2E\\20210308_181600\\1615207713402.png]]

2021-03-08 18:18:33 - [TEST_STEP][PASSED] - click(findTestObject("Object Repository/Faculty/Notifications/svg_Dr. P.C. Senthil Mahesh_svg-inline--fa _bc1b97")): Object: 'Object Repository/Faculty/Notifications/svg_Dr. P.C. Senthil Mahesh_svg-inline--fa _bc1b97' is clicked on

2021-03-08 18:18:34 - [MESSAGE][PASSED] - Object: 'Object Repository/Faculty/Notifications/svg_Dr. P.C. Senthil Mahesh_svg-inline--fa _bc1b97' is clicked on

2021-03-08 18:18:34 - [TEST_STEP][PASSED] - click(findTestObject("Object Repository/Faculty/Notifications/button_logout")): Object: 'Object Repository/Faculty/Notifications/button_logout' is clicked on

2021-03-08 18:18:35 - [MESSAGE][PASSED] - Object: 'Object Repository/Faculty/Notifications/button_logout' is clicked on

2021-03-08 18:18:35 - [TEST_STEP][PASSED] - closeBrowser(): Browser is closed

2021-03-08 18:18:36 - [MESSAGE][PASSED] - Browser is closed]]></system-out>
         <system-err><![CDATA[]]></system-err>
      </testcase>
      <testcase name="Test Cases/Web/Faculty/Class Schedule" time="26.177" classname="Test Cases/Web/Faculty/Class Schedule" status="PASSED">
         <system-out><![CDATA[2021-03-08 18:18:36 - [TEST_CASE][PASSED] - Test Cases/Web/Faculty/Class Schedule: Test Cases/Web/Faculty/Class Schedule

2021-03-08 18:18:36 - [TEST_STEP][PASSED] - openBrowser(""): Browser is opened with url: ''

2021-03-08 18:18:36 - [MESSAGE][INFO] - Starting 'Chrome' driver

2021-03-08 18:18:36 - [MESSAGE][INFO] - User set preference: ['args', '[--allow-running-insecure-content, --start-maximized]']

2021-03-08 18:18:36 - [MESSAGE][INFO] - Action delay is set to 400 milliseconds

2021-03-08 18:18:37 - [MESSAGE][PASSED] - Browser is opened with url: ''

2021-03-08 18:18:37 - [TEST_STEP][PASSED] - navigateToUrl("https://oecfrontend.vercel.app/"): Navigate to 'https://oecfrontend.vercel.app/' successfully

2021-03-08 18:18:40 - [MESSAGE][PASSED] - Navigate to 'https://oecfrontend.vercel.app/' successfully

2021-03-08 18:18:40 - [TEST_STEP][PASSED] - setText(findTestObject("Object Repository/Faculty/Class Schedule/input_Faculty Login_username"), "AITS051002"): Text 'AITS051002' is set on object 'Object Repository/Faculty/Class Schedule/input_Faculty Login_username'

2021-03-08 18:18:41 - [MESSAGE][PASSED] - Text 'AITS051002' is set on object 'Object Repository/Faculty/Class Schedule/input_Faculty Login_username'

2021-03-08 18:18:41 - [TEST_STEP][PASSED] - setEncryptedText(findTestObject("Object Repository/Faculty/Class Schedule/input_Faculty Login_password"), "/HuGEUzXDLUt1zEZ6TwafQ=="): Text ****** has been set on object 'Object Repository/Faculty/Class Schedule/input_Faculty Login_password'

2021-03-08 18:18:43 - [MESSAGE][PASSED] - Text ****** has been set on object 'Object Repository/Faculty/Class Schedule/input_Faculty Login_password'

2021-03-08 18:18:43 - [TEST_STEP][PASSED] - click(findTestObject("Object Repository/Faculty/Class Schedule/button_Login")): Object: 'Object Repository/Faculty/Class Schedule/button_Login' is clicked on

2021-03-08 18:18:44 - [MESSAGE][PASSED] - Object: 'Object Repository/Faculty/Class Schedule/button_Login' is clicked on

2021-03-08 18:18:44 - [TEST_STEP][PASSED] - click(findTestObject("Faculty/Imports/svg_Dr PC Senthil Mahesh_svg-inline--fa fa-_fb601b")): Object: 'Object Repository/Faculty/Imports/svg_Dr PC Senthil Mahesh_svg-inline--fa fa-_fb601b' is clicked on

2021-03-08 18:18:45 - [MESSAGE][PASSED] - Object: 'Object Repository/Faculty/Imports/svg_Dr PC Senthil Mahesh_svg-inline--fa fa-_fb601b' is clicked on

2021-03-08 18:18:45 - [TEST_STEP][PASSED] - click(findTestObject("Faculty/Imports/div_Role ()AdminFacultyHOD")): Object: 'Object Repository/Faculty/Imports/div_Role ()AdminFacultyHOD' is clicked on

2021-03-08 18:18:46 - [MESSAGE][PASSED] - Object: 'Object Repository/Faculty/Imports/div_Role ()AdminFacultyHOD' is clicked on

2021-03-08 18:18:46 - [TEST_STEP][PASSED] - click(findTestObject("Faculty/Imports/svg_Dr PC Senthil Mahesh_svg-inline--fa fa-_fb601b")): Object: 'Object Repository/Faculty/Imports/svg_Dr PC Senthil Mahesh_svg-inline--fa fa-_fb601b' is clicked on

2021-03-08 18:18:47 - [MESSAGE][PASSED] - Object: 'Object Repository/Faculty/Imports/svg_Dr PC Senthil Mahesh_svg-inline--fa fa-_fb601b' is clicked on

2021-03-08 18:18:47 - [TEST_STEP][PASSED] - click(findTestObject("Object Repository/Faculty/Notifications/a_Faculty")): Object: 'Object Repository/Faculty/Notifications/a_Faculty' is clicked on

2021-03-08 18:18:48 - [MESSAGE][PASSED] - Object: 'Object Repository/Faculty/Notifications/a_Faculty' is clicked on

2021-03-08 18:18:48 - [TEST_STEP][PASSED] - click(findTestObject("Object Repository/Faculty/Class Schedule/img")): Object: 'Object Repository/Faculty/Class Schedule/img' is clicked on

2021-03-08 18:18:49 - [MESSAGE][PASSED] - Object: 'Object Repository/Faculty/Class Schedule/img' is clicked on

2021-03-08 18:18:49 - [TEST_STEP][PASSED] - delay(10): Delayed 10 second(s)

2021-03-08 18:18:59 - [MESSAGE][PASSED] - Delayed 10 second(s)

2021-03-08 18:18:59 - [TEST_STEP][PASSED] - takeScreenshot(): Taking screenshot successfully

2021-03-08 18:19:00 - [MESSAGE][PASSED] - Taking screenshot successfully
[[ATTACHMENT|C:\\Users\\PVs\\Katalon Studio\\Portal_OEC\\Reports\\20210308_181559\\Faculty E2E\\20210308_181600\\1615207739692.png]]

2021-03-08 18:19:00 - [TEST_STEP][PASSED] - click(findTestObject("Object Repository/Faculty/Notifications/svg_Dr. P.C. Senthil Mahesh_svg-inline--fa _bc1b97")): Object: 'Object Repository/Faculty/Notifications/svg_Dr. P.C. Senthil Mahesh_svg-inline--fa _bc1b97' is clicked on

2021-03-08 18:19:00 - [MESSAGE][PASSED] - Object: 'Object Repository/Faculty/Notifications/svg_Dr. P.C. Senthil Mahesh_svg-inline--fa _bc1b97' is clicked on

2021-03-08 18:19:00 - [TEST_STEP][PASSED] - click(findTestObject("Object Repository/Faculty/Notifications/button_logout")): Object: 'Object Repository/Faculty/Notifications/button_logout' is clicked on

2021-03-08 18:19:01 - [MESSAGE][PASSED] - Object: 'Object Repository/Faculty/Notifications/button_logout' is clicked on

2021-03-08 18:19:01 - [TEST_STEP][PASSED] - closeBrowser(): Browser is closed

2021-03-08 18:19:02 - [MESSAGE][PASSED] - Browser is closed]]></system-out>
         <system-err><![CDATA[]]></system-err>
      </testcase>
      <testcase name="Test Cases/Web/Faculty/Mentoring" time="39.26" classname="Test Cases/Web/Faculty/Mentoring" status="PASSED">
         <system-out><![CDATA[2021-03-08 18:19:02 - [TEST_CASE][PASSED] - Test Cases/Web/Faculty/Mentoring: Test Cases/Web/Faculty/Mentoring

2021-03-08 18:19:02 - [TEST_STEP][PASSED] - openBrowser(""): Browser is opened with url: ''

2021-03-08 18:19:02 - [MESSAGE][INFO] - Starting 'Chrome' driver

2021-03-08 18:19:02 - [MESSAGE][INFO] - User set preference: ['args', '[--allow-running-insecure-content, --start-maximized]']

2021-03-08 18:19:02 - [MESSAGE][INFO] - Action delay is set to 400 milliseconds

2021-03-08 18:19:04 - [MESSAGE][PASSED] - Browser is opened with url: ''

2021-03-08 18:19:04 - [TEST_STEP][PASSED] - navigateToUrl("https://oecfrontend.vercel.app/"): Navigate to 'https://oecfrontend.vercel.app/' successfully

2021-03-08 18:19:05 - [MESSAGE][PASSED] - Navigate to 'https://oecfrontend.vercel.app/' successfully

2021-03-08 18:19:05 - [TEST_STEP][PASSED] - setText(findTestObject("Object Repository/Faculty/Mentoring/input_Faculty Login_username"), "AITS051002"): Text 'AITS051002' is set on object 'Object Repository/Faculty/Mentoring/input_Faculty Login_username'

2021-03-08 18:19:06 - [MESSAGE][PASSED] - Text 'AITS051002' is set on object 'Object Repository/Faculty/Mentoring/input_Faculty Login_username'

2021-03-08 18:19:06 - [TEST_STEP][PASSED] - setEncryptedText(findTestObject("Object Repository/Faculty/Mentoring/input_Faculty Login_password"), "/HuGEUzXDLUt1zEZ6TwafQ=="): Text ****** has been set on object 'Object Repository/Faculty/Mentoring/input_Faculty Login_password'

2021-03-08 18:19:08 - [MESSAGE][PASSED] - Text ****** has been set on object 'Object Repository/Faculty/Mentoring/input_Faculty Login_password'

2021-03-08 18:19:08 - [TEST_STEP][PASSED] - click(findTestObject("Object Repository/Faculty/Mentoring/button_Login")): Object: 'Object Repository/Faculty/Mentoring/button_Login' is clicked on

2021-03-08 18:19:08 - [MESSAGE][PASSED] - Object: 'Object Repository/Faculty/Mentoring/button_Login' is clicked on

2021-03-08 18:19:08 - [TEST_STEP][PASSED] - click(findTestObject("Faculty/Imports/svg_Dr PC Senthil Mahesh_svg-inline--fa fa-_fb601b")): Object: 'Object Repository/Faculty/Imports/svg_Dr PC Senthil Mahesh_svg-inline--fa fa-_fb601b' is clicked on

2021-03-08 18:19:10 - [MESSAGE][PASSED] - Object: 'Object Repository/Faculty/Imports/svg_Dr PC Senthil Mahesh_svg-inline--fa fa-_fb601b' is clicked on

2021-03-08 18:19:10 - [TEST_STEP][PASSED] - click(findTestObject("Faculty/Imports/div_Role ()AdminFacultyHOD")): Object: 'Object Repository/Faculty/Imports/div_Role ()AdminFacultyHOD' is clicked on

2021-03-08 18:19:11 - [MESSAGE][PASSED] - Object: 'Object Repository/Faculty/Imports/div_Role ()AdminFacultyHOD' is clicked on

2021-03-08 18:19:11 - [TEST_STEP][PASSED] - click(findTestObject("Faculty/Imports/svg_Dr PC Senthil Mahesh_svg-inline--fa fa-_fb601b")): Object: 'Object Repository/Faculty/Imports/svg_Dr PC Senthil Mahesh_svg-inline--fa fa-_fb601b' is clicked on

2021-03-08 18:19:12 - [MESSAGE][PASSED] - Object: 'Object Repository/Faculty/Imports/svg_Dr PC Senthil Mahesh_svg-inline--fa fa-_fb601b' is clicked on

2021-03-08 18:19:12 - [TEST_STEP][PASSED] - click(findTestObject("Object Repository/Faculty/Notifications/a_Faculty")): Object: 'Object Repository/Faculty/Notifications/a_Faculty' is clicked on

2021-03-08 18:19:13 - [MESSAGE][PASSED] - Object: 'Object Repository/Faculty/Notifications/a_Faculty' is clicked on

2021-03-08 18:19:13 - [TEST_STEP][PASSED] - click(findTestObject("Object Repository/Faculty/Mentoring/img")): Object: 'Object Repository/Faculty/Mentoring/img' is clicked on

2021-03-08 18:19:14 - [MESSAGE][PASSED] - Object: 'Object Repository/Faculty/Mentoring/img' is clicked on

2021-03-08 18:19:14 - [TEST_STEP][PASSED] - click(findTestObject("Object Repository/Faculty/Mentoring/button_Profile")): Object: 'Object Repository/Faculty/Mentoring/button_Profile' is clicked on

2021-03-08 18:19:16 - [MESSAGE][PASSED] - Object: 'Object Repository/Faculty/Mentoring/button_Profile' is clicked on

2021-03-08 18:19:16 - [TEST_STEP][PASSED] - takeScreenshot(): Taking screenshot successfully

2021-03-08 18:19:17 - [MESSAGE][PASSED] - Taking screenshot successfully
[[ATTACHMENT|C:\\Users\\PVs\\Katalon Studio\\Portal_OEC\\Reports\\20210308_181559\\Faculty E2E\\20210308_181600\\1615207757385.png]]

2021-03-08 18:19:17 - [TEST_STEP][PASSED] - click(findTestObject("Object Repository/Faculty/Mentoring/button_Education")): Object: 'Object Repository/Faculty/Mentoring/button_Education' is clicked on

2021-03-08 18:19:18 - [MESSAGE][PASSED] - Object: 'Object Repository/Faculty/Mentoring/button_Education' is clicked on

2021-03-08 18:19:18 - [TEST_STEP][PASSED] - takeScreenshot(): Taking screenshot successfully

2021-03-08 18:19:19 - [MESSAGE][PASSED] - Taking screenshot successfully
[[ATTACHMENT|C:\\Users\\PVs\\Katalon Studio\\Portal_OEC\\Reports\\20210308_181559\\Faculty E2E\\20210308_181600\\1615207758834.png]]

2021-03-08 18:19:19 - [TEST_STEP][PASSED] - click(findTestObject("Object Repository/Faculty/Mentoring/button_Semester Wise Marks")): Object: 'Object Repository/Faculty/Mentoring/button_Semester Wise Marks' is clicked on

2021-03-08 18:19:20 - [MESSAGE][PASSED] - Object: 'Object Repository/Faculty/Mentoring/button_Semester Wise Marks' is clicked on

2021-03-08 18:19:20 - [TEST_STEP][PASSED] - takeScreenshot(): Taking screenshot successfully

2021-03-08 18:19:20 - [MESSAGE][PASSED] - Taking screenshot successfully
[[ATTACHMENT|C:\\Users\\PVs\\Katalon Studio\\Portal_OEC\\Reports\\20210308_181559\\Faculty E2E\\20210308_181600\\1615207760332.png]]

2021-03-08 18:19:20 - [TEST_STEP][PASSED] - click(findTestObject("Faculty/Mentoring/button_More Details")): Object: 'Object Repository/Faculty/Mentoring/button_More Details' is clicked on

2021-03-08 18:19:21 - [MESSAGE][PASSED] - Object: 'Object Repository/Faculty/Mentoring/button_More Details' is clicked on

2021-03-08 18:19:21 - [TEST_STEP][PASSED] - click(findTestObject("Object Repository/Faculty/Mentoring/button_Course and Faculty Details")): Object: 'Object Repository/Faculty/Mentoring/button_Course and Faculty Details' is clicked on

2021-03-08 18:19:22 - [MESSAGE][PASSED] - Object: 'Object Repository/Faculty/Mentoring/button_Course and Faculty Details' is clicked on

2021-03-08 18:19:22 - [TEST_STEP][PASSED] - takeScreenshot(): Taking screenshot successfully

2021-03-08 18:19:23 - [MESSAGE][PASSED] - Taking screenshot successfully
[[ATTACHMENT|C:\\Users\\PVs\\Katalon Studio\\Portal_OEC\\Reports\\20210308_181559\\Faculty E2E\\20210308_181600\\1615207763450.png]]

2021-03-08 18:19:23 - [TEST_STEP][PASSED] - focus(findTestObject("Faculty/Mentoring/Course and Faculty Details_close")): Object: 'Object Repository/Faculty/Mentoring/Course and Faculty Details_close' is focused

2021-03-08 18:19:24 - [MESSAGE][PASSED] - Object: 'Object Repository/Faculty/Mentoring/Course and Faculty Details_close' is focused

2021-03-08 18:19:24 - [TEST_STEP][PASSED] - click(findTestObject("Faculty/Mentoring/Course and Faculty Details_close")): Object: 'Object Repository/Faculty/Mentoring/Course and Faculty Details_close' is clicked on

2021-03-08 18:19:25 - [MESSAGE][PASSED] - Object: 'Object Repository/Faculty/Mentoring/Course and Faculty Details_close' is clicked on

2021-03-08 18:19:25 - [TEST_STEP][PASSED] - click(findTestObject("Object Repository/Faculty/Mentoring/button_More Details")): Object: 'Object Repository/Faculty/Mentoring/button_More Details' is clicked on

2021-03-08 18:19:26 - [MESSAGE][PASSED] - Object: 'Object Repository/Faculty/Mentoring/button_More Details' is clicked on

2021-03-08 18:19:26 - [TEST_STEP][PASSED] - takeScreenshot(): Taking screenshot successfully

2021-03-08 18:19:26 - [MESSAGE][PASSED] - Taking screenshot successfully
[[ATTACHMENT|C:\\Users\\PVs\\Katalon Studio\\Portal_OEC\\Reports\\20210308_181559\\Faculty E2E\\20210308_181600\\1615207766638.png]]

2021-03-08 18:19:26 - [TEST_STEP][PASSED] - click(findTestObject("Object Repository/Faculty/Mentoring/button_Student Details")): Object: 'Object Repository/Faculty/Mentoring/button_Student Details' is clicked on

2021-03-08 18:19:27 - [MESSAGE][PASSED] - Object: 'Object Repository/Faculty/Mentoring/button_Student Details' is clicked on

2021-03-08 18:19:27 - [TEST_STEP][PASSED] - takeScreenshot(): Taking screenshot successfully

2021-03-08 18:19:29 - [MESSAGE][PASSED] - Taking screenshot successfully
[[ATTACHMENT|C:\\Users\\PVs\\Katalon Studio\\Portal_OEC\\Reports\\20210308_181559\\Faculty E2E\\20210308_181600\\1615207769575.png]]

2021-03-08 18:19:29 - [TEST_STEP][PASSED] - click(findTestObject("Object Repository/Faculty/Mentoring/button_Attendance Details")): Object: 'Object Repository/Faculty/Mentoring/button_Attendance Details' is clicked on

2021-03-08 18:19:30 - [MESSAGE][PASSED] - Object: 'Object Repository/Faculty/Mentoring/button_Attendance Details' is clicked on

2021-03-08 18:19:30 - [TEST_STEP][PASSED] - takeScreenshot(): Taking screenshot successfully

2021-03-08 18:19:31 - [MESSAGE][PASSED] - Taking screenshot successfully
[[ATTACHMENT|C:\\Users\\PVs\\Katalon Studio\\Portal_OEC\\Reports\\20210308_181559\\Faculty E2E\\20210308_181600\\1615207771025.png]]

2021-03-08 18:19:31 - [TEST_STEP][PASSED] - click(findTestObject("Object Repository/Faculty/Mentoring/button_Marks Details")): Object: 'Object Repository/Faculty/Mentoring/button_Marks Details' is clicked on

2021-03-08 18:19:32 - [MESSAGE][PASSED] - Object: 'Object Repository/Faculty/Mentoring/button_Marks Details' is clicked on

2021-03-08 18:19:32 - [TEST_STEP][PASSED] - takeScreenshot(): Taking screenshot successfully

2021-03-08 18:19:32 - [MESSAGE][PASSED] - Taking screenshot successfully
[[ATTACHMENT|C:\\Users\\PVs\\Katalon Studio\\Portal_OEC\\Reports\\20210308_181559\\Faculty E2E\\20210308_181600\\1615207772467.png]]

2021-03-08 18:19:32 - [TEST_STEP][PASSED] - focus(findTestObject("Faculty/Mentoring/Student Details_close")): Object: 'Object Repository/Faculty/Mentoring/Student Details_close' is focused

2021-03-08 18:19:33 - [MESSAGE][PASSED] - Object: 'Object Repository/Faculty/Mentoring/Student Details_close' is focused

2021-03-08 18:19:33 - [TEST_STEP][PASSED] - click(findTestObject("Faculty/Mentoring/Student Details_close")): Object: 'Object Repository/Faculty/Mentoring/Student Details_close' is clicked on

2021-03-08 18:19:34 - [MESSAGE][PASSED] - Object: 'Object Repository/Faculty/Mentoring/Student Details_close' is clicked on

2021-03-08 18:19:34 - [TEST_STEP][PASSED] - click(findTestObject("Object Repository/Faculty/Mentoring/button_More Details")): Object: 'Object Repository/Faculty/Mentoring/button_More Details' is clicked on

2021-03-08 18:19:35 - [MESSAGE][PASSED] - Object: 'Object Repository/Faculty/Mentoring/button_More Details' is clicked on

2021-03-08 18:19:35 - [TEST_STEP][PASSED] - click(findTestObject("Object Repository/Faculty/Mentoring/button_Communication Details")): Object: 'Object Repository/Faculty/Mentoring/button_Communication Details' is clicked on

2021-03-08 18:19:36 - [MESSAGE][PASSED] - Object: 'Object Repository/Faculty/Mentoring/button_Communication Details' is clicked on

2021-03-08 18:19:36 - [TEST_STEP][PASSED] - takeScreenshot(): Taking screenshot successfully

2021-03-08 18:19:37 - [MESSAGE][PASSED] - Taking screenshot successfully
[[ATTACHMENT|C:\\Users\\PVs\\Katalon Studio\\Portal_OEC\\Reports\\20210308_181559\\Faculty E2E\\20210308_181600\\1615207776691.png]]

2021-03-08 18:19:37 - [TEST_STEP][PASSED] - click(findTestObject("Object Repository/Faculty/Mentoring/button_Completed")): Object: 'Object Repository/Faculty/Mentoring/button_Completed' is clicked on

2021-03-08 18:19:37 - [MESSAGE][PASSED] - Object: 'Object Repository/Faculty/Mentoring/button_Completed' is clicked on

2021-03-08 18:19:37 - [TEST_STEP][PASSED] - takeScreenshot(): Taking screenshot successfully

2021-03-08 18:19:38 - [MESSAGE][PASSED] - Taking screenshot successfully
[[ATTACHMENT|C:\\Users\\PVs\\Katalon Studio\\Portal_OEC\\Reports\\20210308_181559\\Faculty E2E\\20210308_181600\\1615207778129.png]]

2021-03-08 18:19:38 - [TEST_STEP][PASSED] - focus(findTestObject("Faculty/Mentoring/Communication Details_close")): Object: 'Object Repository/Faculty/Mentoring/Communication Details_close' is focused

2021-03-08 18:19:38 - [MESSAGE][PASSED] - Object: 'Object Repository/Faculty/Mentoring/Communication Details_close' is focused

2021-03-08 18:19:38 - [TEST_STEP][PASSED] - click(findTestObject("Faculty/Mentoring/Communication Details_close")): Object: 'Object Repository/Faculty/Mentoring/Communication Details_close' is clicked on

2021-03-08 18:19:39 - [MESSAGE][PASSED] - Object: 'Object Repository/Faculty/Mentoring/Communication Details_close' is clicked on

2021-03-08 18:19:39 - [TEST_STEP][PASSED] - click(findTestObject("Object Repository/Faculty/Mentoring/svg_Dr. P.C. Senthil Mahesh_svg-inline--fa _bc1b97")): Object: 'Object Repository/Faculty/Mentoring/svg_Dr. P.C. Senthil Mahesh_svg-inline--fa _bc1b97' is clicked on

2021-03-08 18:19:40 - [MESSAGE][PASSED] - Object: 'Object Repository/Faculty/Mentoring/svg_Dr. P.C. Senthil Mahesh_svg-inline--fa _bc1b97' is clicked on

2021-03-08 18:19:40 - [TEST_STEP][PASSED] - click(findTestObject("Object Repository/Faculty/Mentoring/button_logout")): Object: 'Object Repository/Faculty/Mentoring/button_logout' is clicked on

2021-03-08 18:19:41 - [MESSAGE][PASSED] - Object: 'Object Repository/Faculty/Mentoring/button_logout' is clicked on]]></system-out>
         <system-err><![CDATA[]]></system-err>
      </testcase>
      <testcase name="Test Cases/Web/Faculty/Exam Schedule" time="15.257" classname="Test Cases/Web/Faculty/Exam Schedule" status="PASSED">
         <system-out><![CDATA[2021-03-08 18:19:41 - [TEST_CASE][PASSED] - Test Cases/Web/Faculty/Exam Schedule: Test Cases/Web/Faculty/Exam Schedule

2021-03-08 18:19:42 - [TEST_STEP][PASSED] - openBrowser(""): Browser is opened with url: ''

2021-03-08 18:19:42 - [MESSAGE][WARNING] - A browser is already opened. Closing browser and opening a new one

2021-03-08 18:19:42 - [MESSAGE][INFO] - Starting 'Chrome' driver

2021-03-08 18:19:42 - [MESSAGE][INFO] - User set preference: ['args', '[--allow-running-insecure-content, --start-maximized]']

2021-03-08 18:19:42 - [MESSAGE][INFO] - Action delay is set to 400 milliseconds

2021-03-08 18:19:44 - [MESSAGE][PASSED] - Browser is opened with url: ''

2021-03-08 18:19:44 - [TEST_STEP][PASSED] - navigateToUrl("https://oecfrontend.vercel.app/"): Navigate to 'https://oecfrontend.vercel.app/' successfully

2021-03-08 18:19:45 - [MESSAGE][PASSED] - Navigate to 'https://oecfrontend.vercel.app/' successfully

2021-03-08 18:19:45 - [TEST_STEP][PASSED] - setText(findTestObject("Object Repository/Faculty/Exam Schedule/input_Faculty Login_username"), "AITS051002"): Text 'AITS051002' is set on object 'Object Repository/Faculty/Exam Schedule/input_Faculty Login_username'

2021-03-08 18:19:46 - [MESSAGE][PASSED] - Text 'AITS051002' is set on object 'Object Repository/Faculty/Exam Schedule/input_Faculty Login_username'

2021-03-08 18:19:46 - [TEST_STEP][PASSED] - setEncryptedText(findTestObject("Object Repository/Faculty/Exam Schedule/input_Faculty Login_password"), "/HuGEUzXDLUt1zEZ6TwafQ=="): Text ****** has been set on object 'Object Repository/Faculty/Exam Schedule/input_Faculty Login_password'

2021-03-08 18:19:48 - [MESSAGE][PASSED] - Text ****** has been set on object 'Object Repository/Faculty/Exam Schedule/input_Faculty Login_password'

2021-03-08 18:19:48 - [TEST_STEP][PASSED] - click(findTestObject("Object Repository/Faculty/Exam Schedule/button_Login")): Object: 'Object Repository/Faculty/Exam Schedule/button_Login' is clicked on

2021-03-08 18:19:48 - [MESSAGE][PASSED] - Object: 'Object Repository/Faculty/Exam Schedule/button_Login' is clicked on

2021-03-08 18:19:48 - [TEST_STEP][PASSED] - click(findTestObject("Faculty/Imports/svg_Dr PC Senthil Mahesh_svg-inline--fa fa-_fb601b")): Object: 'Object Repository/Faculty/Imports/svg_Dr PC Senthil Mahesh_svg-inline--fa fa-_fb601b' is clicked on

2021-03-08 18:19:50 - [MESSAGE][PASSED] - Object: 'Object Repository/Faculty/Imports/svg_Dr PC Senthil Mahesh_svg-inline--fa fa-_fb601b' is clicked on

2021-03-08 18:19:50 - [TEST_STEP][PASSED] - click(findTestObject("Faculty/Imports/div_Role ()AdminFacultyHOD")): Object: 'Object Repository/Faculty/Imports/div_Role ()AdminFacultyHOD' is clicked on

2021-03-08 18:19:51 - [MESSAGE][PASSED] - Object: 'Object Repository/Faculty/Imports/div_Role ()AdminFacultyHOD' is clicked on

2021-03-08 18:19:51 - [TEST_STEP][PASSED] - click(findTestObject("Faculty/Imports/svg_Dr PC Senthil Mahesh_svg-inline--fa fa-_fb601b")): Object: 'Object Repository/Faculty/Imports/svg_Dr PC Senthil Mahesh_svg-inline--fa fa-_fb601b' is clicked on

2021-03-08 18:19:52 - [MESSAGE][PASSED] - Object: 'Object Repository/Faculty/Imports/svg_Dr PC Senthil Mahesh_svg-inline--fa fa-_fb601b' is clicked on

2021-03-08 18:19:52 - [TEST_STEP][PASSED] - click(findTestObject("Object Repository/Faculty/Notifications/a_Faculty")): Object: 'Object Repository/Faculty/Notifications/a_Faculty' is clicked on

2021-03-08 18:19:53 - [MESSAGE][PASSED] - Object: 'Object Repository/Faculty/Notifications/a_Faculty' is clicked on

2021-03-08 18:19:53 - [TEST_STEP][PASSED] - click(findTestObject("Object Repository/Faculty/Exam Schedule/img")): Object: 'Object Repository/Faculty/Exam Schedule/img' is clicked on

2021-03-08 18:19:54 - [MESSAGE][PASSED] - Object: 'Object Repository/Faculty/Exam Schedule/img' is clicked on

2021-03-08 18:19:54 - [TEST_STEP][PASSED] - takeScreenshot(): Taking screenshot successfully

2021-03-08 18:19:55 - [MESSAGE][PASSED] - Taking screenshot successfully
[[ATTACHMENT|C:\\Users\\PVs\\Katalon Studio\\Portal_OEC\\Reports\\20210308_181559\\Faculty E2E\\20210308_181600\\1615207794927.png]]

2021-03-08 18:19:55 - [TEST_STEP][PASSED] - click(findTestObject("Object Repository/Faculty/Mentoring/svg_Dr. P.C. Senthil Mahesh_svg-inline--fa _bc1b97")): Object: 'Object Repository/Faculty/Mentoring/svg_Dr. P.C. Senthil Mahesh_svg-inline--fa _bc1b97' is clicked on

2021-03-08 18:19:56 - [MESSAGE][PASSED] - Object: 'Object Repository/Faculty/Mentoring/svg_Dr. P.C. Senthil Mahesh_svg-inline--fa _bc1b97' is clicked on

2021-03-08 18:19:56 - [TEST_STEP][PASSED] - click(findTestObject("Object Repository/Faculty/Mentoring/button_logout")): Object: 'Object Repository/Faculty/Mentoring/button_logout' is clicked on

2021-03-08 18:19:57 - [MESSAGE][PASSED] - Object: 'Object Repository/Faculty/Mentoring/button_logout' is clicked on]]></system-out>
         <system-err><![CDATA[]]></system-err>
      </testcase>
      <system-out><![CDATA[2021-03-08 18:16:07 - [TEST_SUITE][PASSED] - Faculty E2E: Test Cases/Web/Faculty/Exam Schedule]]></system-out>
      <system-err><![CDATA[]]></system-err>
   </testsuite>
</testsuites>
